{"content": {"suites": {"0": {"status": {"total_pass": 0, "total_skip": 1, "total_xpass": 0, "total_xfail": 0, "total_rerun": 0, "total_fail": 2, "total_error": 0}, "tests": {"0": {"status": "FAIL", "message": "       playwright._impl._errors.TimeoutError: Locator.wait_for: Timeout 5000ms exceeded.\n       Call log:\n         - waiting for locator(\"//table//td[normalize-space()='User_rucbc']\") to be visible\n       AssertionError: \u274c User 'User_rucbc' not found in All Users list.\n", "test_name": "test_add_user_with_active_status", "rerun": "0"}, "1": {"status": "FAIL", "message": "       playwright._impl._errors.TimeoutError: Locator.wait_for: Timeout 5000ms exceeded.\n       Call log:\n         - waiting for locator(\"//table//td[normalize-space()='User_yojnx']\") to be visible\n       AssertionError: \u274c User 'User_yojnx' not found in All Users list.\n", "test_name": "test_add_user_with_disabled_status", "rerun": "0"}, "2": {"status": "SKIP", "message": "('D:\\\\CFLOW PLAYWRIGHT\\\\TestCases\\\\Admin_add_user_testcases\\\\test_A_Admin_add_user_positive.py', 113, 'Skipped: \u26a0 No disabled user from previous test \u2014 skipping.')\n", "test_name": "test_enable_and_verify_active_user", "rerun": "0"}}, "suite_name": "TestCases/Admin_add_user_testcases/test_A_Admin_add_user_positive.py"}}}, "date": "November 12, 2025", "start_time": 1762966342.2033246, "total_suite": 1, "status": "FAIL", "status_list": {"pass": "0", "fail": "2", "skip": "1", "error": "0", "xpass": "0", "xfail": "0", "rerun": "0"}, "total_tests": "3"}